Collecting poetry==2.1.2
  Downloading poetry-2.1.2-py3-none-any.whl.metadata (7.1 kB)
Collecting build<2.0.0,>=1.2.1 (from poetry==2.1.2)
  Downloading build-1.2.2.post1-py3-none-any.whl.metadata (6.5 kB)
Collecting cachecontrol<0.15.0,>=0.14.0 (from cachecontrol[filecache]<0.15.0,>=0.14.0->poetry==2.1.2)
  Downloading cachecontrol-0.14.2-py3-none-any.whl.metadata (3.1 kB)
Collecting cleo<3.0.0,>=2.1.0 (from poetry==2.1.2)
  Downloading cleo-2.1.0-py3-none-any.whl.metadata (12 kB)
Collecting dulwich<0.23.0,>=0.22.6 (from poetry==2.1.2)
  Downloading dulwich-0.22.8-cp311-cp311-manylinux_2_17_x86_64.manylinux2014_x86_64.whl.metadata (4.9 kB)
Collecting fastjsonschema<3.0.0,>=2.18.0 (from poetry==2.1.2)
  Downloading fastjsonschema-2.21.1-py3-none-any.whl.metadata (2.2 kB)
Collecting findpython<0.7.0,>=0.6.2 (from poetry==2.1.2)
  Downloading findpython-0.6.3-py3-none-any.whl.metadata (5.3 kB)
Collecting installer<0.8.0,>=0.7.0 (from poetry==2.1.2)
  Downloading installer-0.7.0-py3-none-any.whl.metadata (936 bytes)
Collecting keyring<26.0.0,>=25.1.0 (from poetry==2.1.2)
  Downloading keyring-25.6.0-py3-none-any.whl.metadata (20 kB)
Collecting packaging>=24.0 (from poetry==2.1.2)
  Downloading packaging-24.2-py3-none-any.whl.metadata (3.2 kB)
Collecting pbs-installer<2026.0.0,>=2025.1.6 (from pbs-installer[download,install]<2026.0.0,>=2025.1.6->poetry==2.1.2)
  Downloading pbs_installer-2025.3.17-py3-none-any.whl.metadata (991 bytes)
Collecting pkginfo<2.0,>=1.12 (from poetry==2.1.2)
  Downloading pkginfo-1.12.1.2-py3-none-any.whl.metadata (13 kB)
Collecting platformdirs<5,>=3.0.0 (from poetry==2.1.2)
  Downloading platformdirs-4.3.7-py3-none-any.whl.metadata (11 kB)
Collecting poetry-core==2.1.2 (from poetry==2.1.2)
  Downloading poetry_core-2.1.2-py3-none-any.whl.metadata (3.5 kB)
Collecting pyproject-hooks<2.0.0,>=1.0.0 (from poetry==2.1.2)
  Downloading pyproject_hooks-1.2.0-py3-none-any.whl.metadata (1.3 kB)
Collecting requests<3.0,>=2.26 (from poetry==2.1.2)
  Downloading requests-2.32.3-py3-none-any.whl.metadata (4.6 kB)
Collecting requests-toolbelt<2.0.0,>=1.0.0 (from poetry==2.1.2)
  Downloading requests_toolbelt-1.0.0-py2.py3-none-any.whl.metadata (14 kB)
Collecting shellingham<2.0,>=1.5 (from poetry==2.1.2)
  Downloading shellingham-1.5.4-py2.py3-none-any.whl.metadata (3.5 kB)
Collecting tomlkit<1.0.0,>=0.11.4 (from poetry==2.1.2)
  Downloading tomlkit-0.13.2-py3-none-any.whl.metadata (2.7 kB)
Collecting trove-classifiers>=2022.5.19 (from poetry==2.1.2)
  Downloading trove_classifiers-2025.3.19.19-py3-none-any.whl.metadata (2.3 kB)
Collecting virtualenv<21.0.0,>=20.26.6 (from poetry==2.1.2)
  Downloading virtualenv-20.30.0-py3-none-any.whl.metadata (4.5 kB)
Collecting msgpack<2.0.0,>=0.5.2 (from cachecontrol<0.15.0,>=0.14.0->cachecontrol[filecache]<0.15.0,>=0.14.0->poetry==2.1.2)
  Downloading msgpack-1.1.0-cp311-cp311-manylinux_2_17_x86_64.manylinux2014_x86_64.whl.metadata (8.4 kB)
Collecting filelock>=3.8.0 (from cachecontrol[filecache]<0.15.0,>=0.14.0->poetry==2.1.2)
  Downloading filelock-3.18.0-py3-none-any.whl.metadata (2.9 kB)
Collecting crashtest<0.5.0,>=0.4.1 (from cleo<3.0.0,>=2.1.0->poetry==2.1.2)
  Downloading crashtest-0.4.1-py3-none-any.whl.metadata (1.1 kB)
Collecting rapidfuzz<4.0.0,>=3.0.0 (from cleo<3.0.0,>=2.1.0->poetry==2.1.2)
  Downloading rapidfuzz-3.12.2-cp311-cp311-manylinux_2_17_x86_64.manylinux2014_x86_64.whl.metadata (12 kB)
Collecting urllib3>=1.25 (from dulwich<0.23.0,>=0.22.6->poetry==2.1.2)
  Downloading urllib3-2.3.0-py3-none-any.whl.metadata (6.5 kB)
Collecting SecretStorage>=3.2 (from keyring<26.0.0,>=25.1.0->poetry==2.1.2)
  Downloading SecretStorage-3.3.3-py3-none-any.whl.metadata (4.0 kB)
Collecting jeepney>=0.4.2 (from keyring<26.0.0,>=25.1.0->poetry==2.1.2)
  Downloading jeepney-0.9.0-py3-none-any.whl.metadata (1.2 kB)
Collecting importlib_metadata>=4.11.4 (from keyring<26.0.0,>=25.1.0->poetry==2.1.2)
  Downloading importlib_metadata-8.6.1-py3-none-any.whl.metadata (4.7 kB)
Collecting jaraco.classes (from keyring<26.0.0,>=25.1.0->poetry==2.1.2)
  Downloading jaraco.classes-3.4.0-py3-none-any.whl.metadata (2.6 kB)
Collecting jaraco.functools (from keyring<26.0.0,>=25.1.0->poetry==2.1.2)
  Downloading jaraco.functools-4.1.0-py3-none-any.whl.metadata (2.9 kB)
Collecting jaraco.context (from keyring<26.0.0,>=25.1.0->poetry==2.1.2)
  Downloading jaraco.context-6.0.1-py3-none-any.whl.metadata (4.1 kB)
Collecting httpx<1,>=0.27.0 (from pbs-installer[download,install]<2026.0.0,>=2025.1.6->poetry==2.1.2)
  Downloading httpx-0.28.1-py3-none-any.whl.metadata (7.1 kB)
Collecting zstandard>=0.21.0 (from pbs-installer[download,install]<2026.0.0,>=2025.1.6->poetry==2.1.2)
  Downloading zstandard-0.23.0-cp311-cp311-manylinux_2_17_x86_64.manylinux2014_x86_64.whl.metadata (3.0 kB)
Collecting charset-normalizer<4,>=2 (from requests<3.0,>=2.26->poetry==2.1.2)
  Downloading charset_normalizer-3.4.1-cp311-cp311-manylinux_2_17_x86_64.manylinux2014_x86_64.whl.metadata (35 kB)
Collecting idna<4,>=2.5 (from requests<3.0,>=2.26->poetry==2.1.2)
  Downloading idna-3.10-py3-none-any.whl.metadata (10 kB)
Collecting certifi>=2017.4.17 (from requests<3.0,>=2.26->poetry==2.1.2)
  Downloading certifi-2025.1.31-py3-none-any.whl.metadata (2.5 kB)
Collecting distlib<1,>=0.3.7 (from virtualenv<21.0.0,>=20.26.6->poetry==2.1.2)
  Downloading distlib-0.3.9-py2.py3-none-any.whl.metadata (5.2 kB)
Collecting anyio (from httpx<1,>=0.27.0->pbs-installer[download,install]<2026.0.0,>=2025.1.6->poetry==2.1.2)
  Downloading anyio-4.9.0-py3-none-any.whl.metadata (4.7 kB)
Collecting httpcore==1.* (from httpx<1,>=0.27.0->pbs-installer[download,install]<2026.0.0,>=2025.1.6->poetry==2.1.2)
  Downloading httpcore-1.0.7-py3-none-any.whl.metadata (21 kB)
Collecting h11<0.15,>=0.13 (from httpcore==1.*->httpx<1,>=0.27.0->pbs-installer[download,install]<2026.0.0,>=2025.1.6->poetry==2.1.2)
  Downloading h11-0.14.0-py3-none-any.whl.metadata (8.2 kB)
Collecting zipp>=3.20 (from importlib_metadata>=4.11.4->keyring<26.0.0,>=25.1.0->poetry==2.1.2)
  Downloading zipp-3.21.0-py3-none-any.whl.metadata (3.7 kB)
Collecting cryptography>=2.0 (from SecretStorage>=3.2->keyring<26.0.0,>=25.1.0->poetry==2.1.2)
  Downloading cryptography-44.0.2-cp39-abi3-manylinux_2_28_x86_64.whl.metadata (5.7 kB)
Collecting more-itertools (from jaraco.classes->keyring<26.0.0,>=25.1.0->poetry==2.1.2)
  Downloading more_itertools-10.6.0-py3-none-any.whl.metadata (37 kB)
Collecting backports.tarfile (from jaraco.context->keyring<26.0.0,>=25.1.0->poetry==2.1.2)
  Downloading backports.tarfile-1.2.0-py3-none-any.whl.metadata (2.0 kB)
Collecting cffi>=1.12 (from cryptography>=2.0->SecretStorage>=3.2->keyring<26.0.0,>=25.1.0->poetry==2.1.2)
  Downloading cffi-1.17.1-cp311-cp311-manylinux_2_17_x86_64.manylinux2014_x86_64.whl.metadata (1.5 kB)
Collecting sniffio>=1.1 (from anyio->httpx<1,>=0.27.0->pbs-installer[download,install]<2026.0.0,>=2025.1.6->poetry==2.1.2)
  Downloading sniffio-1.3.1-py3-none-any.whl.metadata (3.9 kB)
Collecting typing_extensions>=4.5 (from anyio->httpx<1,>=0.27.0->pbs-installer[download,install]<2026.0.0,>=2025.1.6->poetry==2.1.2)
  Downloading typing_extensions-4.13.0-py3-none-any.whl.metadata (3.0 kB)
Collecting pycparser (from cffi>=1.12->cryptography>=2.0->SecretStorage>=3.2->keyring<26.0.0,>=25.1.0->poetry==2.1.2)
  Downloading pycparser-2.22-py3-none-any.whl.metadata (943 bytes)
Downloading poetry-2.1.2-py3-none-any.whl (277 kB)
Downloading poetry_core-2.1.2-py3-none-any.whl (332 kB)
Downloading build-1.2.2.post1-py3-none-any.whl (22 kB)
Downloading cachecontrol-0.14.2-py3-none-any.whl (21 kB)
Downloading cleo-2.1.0-py3-none-any.whl (78 kB)
Downloading dulwich-0.22.8-cp311-cp311-manylinux_2_17_x86_64.manylinux2014_x86_64.whl (1.0 MB)
   ━━━━━━━━━━━━━━━━━━━━━━━━━━━━━━━━━━━━━━━━ 1.0/1.0 MB 30.4 MB/s eta 0:00:00
Downloading fastjsonschema-2.21.1-py3-none-any.whl (23 kB)
Downloading findpython-0.6.3-py3-none-any.whl (20 kB)
Downloading installer-0.7.0-py3-none-any.whl (453 kB)
Downloading keyring-25.6.0-py3-none-any.whl (39 kB)
Downloading packaging-24.2-py3-none-any.whl (65 kB)
Downloading pbs_installer-2025.3.17-py3-none-any.whl (53 kB)
Downloading pkginfo-1.12.1.2-py3-none-any.whl (32 kB)
Downloading platformdirs-4.3.7-py3-none-any.whl (18 kB)
Downloading pyproject_hooks-1.2.0-py3-none-any.whl (10 kB)
Downloading requests-2.32.3-py3-none-any.whl (64 kB)
Downloading requests_toolbelt-1.0.0-py2.py3-none-any.whl (54 kB)
Downloading shellingham-1.5.4-py2.py3-none-any.whl (9.8 kB)
Downloading tomlkit-0.13.2-py3-none-any.whl (37 kB)
Downloading trove_classifiers-2025.3.19.19-py3-none-any.whl (13 kB)
Downloading virtualenv-20.30.0-py3-none-any.whl (4.3 MB)
   ━━━━━━━━━━━━━━━━━━━━━━━━━━━━━━━━━━━━━━━━ 4.3/4.3 MB 48.0 MB/s eta 0:00:00
Downloading certifi-2025.1.31-py3-none-any.whl (166 kB)
Downloading charset_normalizer-3.4.1-cp311-cp311-manylinux_2_17_x86_64.manylinux2014_x86_64.whl (143 kB)
Downloading crashtest-0.4.1-py3-none-any.whl (7.6 kB)
Downloading distlib-0.3.9-py2.py3-none-any.whl (468 kB)
Downloading filelock-3.18.0-py3-none-any.whl (16 kB)
Downloading httpx-0.28.1-py3-none-any.whl (73 kB)
Downloading httpcore-1.0.7-py3-none-any.whl (78 kB)
Downloading idna-3.10-py3-none-any.whl (70 kB)
Downloading importlib_metadata-8.6.1-py3-none-any.whl (26 kB)
Downloading jeepney-0.9.0-py3-none-any.whl (49 kB)
Downloading msgpack-1.1.0-cp311-cp311-manylinux_2_17_x86_64.manylinux2014_x86_64.whl (403 kB)
Downloading rapidfuzz-3.12.2-cp311-cp311-manylinux_2_17_x86_64.manylinux2014_x86_64.whl (3.1 MB)
   ━━━━━━━━━━━━━━━━━━━━━━━━━━━━━━━━━━━━━━━━ 3.1/3.1 MB 44.5 MB/s eta 0:00:00
Downloading SecretStorage-3.3.3-py3-none-any.whl (15 kB)
Downloading urllib3-2.3.0-py3-none-any.whl (128 kB)
Downloading zstandard-0.23.0-cp311-cp311-manylinux_2_17_x86_64.manylinux2014_x86_64.whl (5.4 MB)
   ━━━━━━━━━━━━━━━━━━━━━━━━━━━━━━━━━━━━━━━━ 5.4/5.4 MB 52.1 MB/s eta 0:00:00
Downloading jaraco.classes-3.4.0-py3-none-any.whl (6.8 kB)
Downloading jaraco.context-6.0.1-py3-none-any.whl (6.8 kB)
Downloading jaraco.functools-4.1.0-py3-none-any.whl (10 kB)
Downloading cryptography-44.0.2-cp39-abi3-manylinux_2_28_x86_64.whl (4.2 MB)
   ━━━━━━━━━━━━━━━━━━━━━━━━━━━━━━━━━━━━━━━━ 4.2/4.2 MB 46.3 MB/s eta 0:00:00
Downloading zipp-3.21.0-py3-none-any.whl (9.6 kB)
Downloading anyio-4.9.0-py3-none-any.whl (100 kB)
Downloading backports.tarfile-1.2.0-py3-none-any.whl (30 kB)
Downloading more_itertools-10.6.0-py3-none-any.whl (63 kB)
Downloading cffi-1.17.1-cp311-cp311-manylinux_2_17_x86_64.manylinux2014_x86_64.whl (467 kB)
Downloading h11-0.14.0-py3-none-any.whl (58 kB)
Downloading sniffio-1.3.1-py3-none-any.whl (10 kB)
Downloading typing_extensions-4.13.0-py3-none-any.whl (45 kB)
Downloading pycparser-2.22-py3-none-any.whl (117 kB)
Installing collected packages: trove-classifiers, fastjsonschema, distlib, zstandard, zipp, urllib3, typing_extensions, tomlkit, sniffio, shellingham, rapidfuzz, pyproject-hooks, pycparser, poetry-core, platformdirs, pkginfo, pbs-installer, packaging, msgpack, more-itertools, jeepney, installer, idna, h11, filelock, crashtest, charset-normalizer, certifi, backports.tarfile, virtualenv, requests, jaraco.functools, jaraco.context, jaraco.classes, importlib_metadata, httpcore, findpython, dulwich, cleo, cffi, build, anyio, requests-toolbelt, httpx, cryptography, cachecontrol, SecretStorage, keyring, poetry
ERROR: Could not install packages due to an OSError: [Errno 122] Disk quota exceeded


Traceback:

  File "<stdin>", line 937, in main
  File "<stdin>", line 574, in run
  File "<stdin>", line 596, in install
  File "<stdin>", line 699, in install_poetry
  File "<stdin>", line 389, in pip
  File "<stdin>", line 386, in python
  File "<stdin>", line 379, in run
